\BOOKMARK [1][-]{section*.1}{\376\377\000S\000e\000l\000b\000s\000t\000s\000t\000\344\000n\000d\000i\000g\000k\000e\000i\000t\000s\000e\000r\000k\000l\000\344\000r\000u\000n\000g}{}% 1
\BOOKMARK [1][-]{section*.2}{\376\377\000I\000n\000h\000a\000l\000t\000s\000v\000e\000r\000z\000e\000i\000c\000h\000n\000i\000s}{}% 2
\BOOKMARK [1][-]{section*.3}{\376\377\000A\000b\000k\000\374\000r\000z\000u\000n\000g\000s\000v\000e\000r\000z\000e\000i\000c\000h\000n\000i\000s}{}% 3
\BOOKMARK [1][-]{section*.4}{\376\377\000A\000b\000b\000i\000l\000d\000u\000n\000g\000s\000v\000e\000r\000z\000e\000i\000c\000h\000n\000i\000s}{}% 4
\BOOKMARK [1][-]{section*.5}{\376\377\000T\000a\000b\000e\000l\000l\000e\000n\000v\000e\000r\000z\000e\000i\000c\000h\000n\000i\000s}{}% 5
\BOOKMARK [1][-]{section.1}{\376\377\000E\000i\000n\000l\000e\000i\000t\000u\000n\000g\000\040\000u\000n\000d\000\040\000G\000r\000u\000n\000d\000l\000a\000g\000e\000n\000\040\000d\000e\000r\000\040\000B\000e\000t\000r\000a\000c\000h\000t\000u\000n\000g}{}% 6
\BOOKMARK [2][-]{subsection.1.1}{\376\377\000M\000o\000t\000i\000v\000a\000t\000i\000o\000n\000\040\000u\000n\000d\000\040\000P\000r\000o\000b\000l\000e\000m\000s\000t\000e\000l\000l\000u\000n\000g}{section.1}% 7
\BOOKMARK [2][-]{subsection.1.2}{\376\377\000Z\000i\000e\000l\000s\000e\000t\000u\000n\000g}{section.1}% 8
\BOOKMARK [2][-]{subsection.1.3}{\376\377\000A\000b\000g\000r\000e\000n\000z\000u\000n\000g}{section.1}% 9
\BOOKMARK [2][-]{subsection.1.4}{\376\377\000V\000o\000r\000g\000e\000h\000e\000n\000s\000w\000e\000i\000s\000e}{section.1}% 10
\BOOKMARK [1][-]{section.2}{\376\377\000T\000h\000e\000o\000r\000e\000t\000i\000s\000c\000h\000e\000r\000\040\000H\000i\000n\000t\000e\000r\000g\000r\000u\000n\000d}{}% 11
\BOOKMARK [2][-]{subsection.2.1}{\376\377\000E\000r\000e\000i\000g\000n\000i\000s\000g\000e\000s\000t\000e\000u\000e\000r\000t\000e\000\040\000S\000o\000f\000t\000w\000a\000r\000e\000a\000r\000c\000h\000i\000t\000e\000k\000t\000u\000r}{section.2}% 12
\BOOKMARK [2][-]{subsection.2.2}{\376\377\000R\000E\000S\000T\000f\000u\000l\000\040\000A\000P\000I\000s}{section.2}% 13
\BOOKMARK [2][-]{subsection.2.3}{\376\377\000S\000p\000e\000z\000i\000f\000i\000k\000a\000\040\000d\000e\000s\000\040\000B\000e\000i\000s\000p\000i\000e\000l\000s}{section.2}% 14
\BOOKMARK [3][-]{subsubsection.2.3.1}{\376\377\000B\000e\000t\000r\000i\000e\000b\000s\000w\000i\000r\000t\000s\000c\000h\000a\000f\000t\000l\000i\000c\000h\000e\000r\000\040\000K\000o\000n\000t\000e\000x\000t}{subsection.2.3}% 15
\BOOKMARK [3][-]{subsubsection.2.3.2}{\376\377\000V\000e\000r\000w\000e\000n\000d\000e\000t\000e\000\040\000T\000e\000c\000h\000n\000o\000l\000o\000g\000i\000e\000n}{subsection.2.3}% 16
\BOOKMARK [3][-]{subsubsection.2.3.3}{\376\377\000B\000e\000z\000u\000g\000\040\000z\000u\000\040\000v\000o\000r\000a\000n\000g\000e\000g\000a\000n\000g\000e\000n\000e\000n\000\040\000K\000o\000n\000z\000e\000p\000t\000e\000n}{subsection.2.3}% 17
\BOOKMARK [2][-]{subsection.2.4}{\376\377\000F\000o\000r\000s\000c\000h\000u\000n\000g\000s\000m\000e\000t\000h\000o\000d\000i\000k}{section.2}% 18
\BOOKMARK [2][-]{subsection.2.5}{\376\377\000Z\000u\000s\000a\000m\000m\000e\000n\000f\000a\000s\000s\000u\000n\000g}{section.2}% 19
\BOOKMARK [1][-]{section.3}{\376\377\000P\000r\000a\000k\000t\000i\000s\000c\000h\000e\000r\000\040\000T\000e\000i\000l}{}% 20
\BOOKMARK [2][-]{subsection.3.1}{\376\377\000A\000n\000a\000l\000y\000s\000e\000\040\000d\000e\000s\000\040\000b\000e\000s\000t\000e\000h\000e\000n\000d\000e\000n\000\040\000S\000y\000s\000t\000e\000m\000s}{section.3}% 21
\BOOKMARK [2][-]{subsection.3.2}{\376\377\000M\000\366\000g\000l\000i\000c\000h\000e\000\040\000A\000n\000w\000e\000n\000d\000u\000n\000g\000\040\000d\000e\000r\000\040\000t\000h\000e\000o\000r\000e\000t\000i\000s\000c\000h\000e\000n\000\040\000E\000r\000k\000e\000n\000n\000t\000n\000i\000s\000s\000e}{section.3}% 22
\BOOKMARK [2][-]{subsection.3.3}{\376\377\000I\000m\000p\000l\000e\000m\000e\000n\000t\000i\000e\000r\000u\000n\000g\000\040\000d\000e\000s\000\040\000P\000r\000o\000t\000o\000t\000y\000p\000s}{section.3}% 23
\BOOKMARK [1][-]{section.4}{\376\377\000D\000i\000s\000k\000u\000s\000s\000i\000o\000n\000\040\000d\000e\000r\000\040\000E\000r\000g\000e\000b\000n\000i\000s\000s\000e}{}% 24
\BOOKMARK [2][-]{subsection.4.1}{\376\377\000V\000o\000r\000t\000e\000i\000l\000e\000\040\000d\000e\000s\000\040\000Z\000u\000s\000a\000m\000m\000e\000n\000s\000p\000i\000e\000l\000s\000\040\000v\000o\000n\000\040\000E\000d\000A\000.\000\040\000u\000n\000d\000\040\000R\000E\000S\000T}{section.4}% 25
\BOOKMARK [2][-]{subsection.4.2}{\376\377\000N\000a\000c\000h\000t\000e\000i\000l\000e\000\040\000d\000e\000s\000\040\000Z\000u\000s\000a\000m\000m\000e\000n\000s\000p\000i\000e\000l\000s\000\040\000v\000o\000n\000\040\000E\000d\000A\000.\000\040\000u\000n\000d\000\040\000R\000E\000S\000T}{section.4}% 26
\BOOKMARK [2][-]{subsection.4.3}{\376\377\000B\000e\000w\000e\000r\000t\000u\000n\000g\000\040\000d\000e\000s\000\040\000P\000r\000o\000t\000o\000t\000y\000p\000s}{section.4}% 27
\BOOKMARK [1][-]{section.5}{\376\377\000S\000c\000h\000l\000u\000s\000s\000b\000e\000t\000r\000a\000c\000h\000t\000u\000n\000g}{}% 28
\BOOKMARK [2][-]{subsection.5.1}{\376\377\000Z\000u\000s\000a\000m\000m\000e\000n\000f\000a\000s\000s\000u\000n\000g\000\040\000d\000e\000r\000\040\000w\000i\000c\000h\000t\000i\000g\000s\000t\000e\000n\000\040\000E\000r\000g\000e\000b\000n\000i\000s\000s\000e}{section.5}% 29
\BOOKMARK [2][-]{subsection.5.2}{\376\377\000A\000b\000s\000c\000h\000l\000i\000e\000\337\000e\000n\000d\000e\000\040\000B\000e\000u\000r\000t\000e\000i\000l\000u\000n\000g\000\040\000v\000o\000n\000\040\000E\000d\000A\000.\000\040\000u\000n\000d\000\040\000R\000E\000S\000T}{section.5}% 30
\BOOKMARK [3][-]{subsubsection.5.2.1}{\376\377\000P\000r\000a\000k\000t\000i\000s\000c\000h\000e\000r\000\040\000N\000u\000t\000z\000e\000n}{subsection.5.2}% 31
\BOOKMARK [3][-]{subsubsection.5.2.2}{\376\377\000N\000a\000c\000h\000t\000e\000i\000l\000e\000\040\000u\000n\000d\000\040\000F\000a\000l\000l\000s\000t\000r\000i\000c\000k\000e\000\040\000i\000n\000\040\000d\000e\000r\000\040\000E\000n\000t\000w\000i\000c\000k\000l\000u\000n\000g}{subsection.5.2}% 32
\BOOKMARK [3][-]{subsubsection.5.2.3}{\376\377\000W\000e\000i\000t\000e\000r\000f\000\374\000h\000r\000e\000n\000d\000e\000\040\000C\000h\000a\000n\000c\000e\000n}{subsection.5.2}% 33
\BOOKMARK [2][-]{subsection.5.3}{\376\377\000K\000r\000i\000t\000i\000s\000c\000h\000e\000\040\000R\000e\000f\000l\000e\000x\000i\000o\000n\000\040\000d\000e\000r\000\040\000A\000r\000b\000e\000i\000t}{section.5}% 34
\BOOKMARK [1][-]{section*.7}{\376\377\000Q\000u\000e\000l\000l\000e\000n\000v\000e\000r\000z\000e\000i\000c\000h\000n\000i\000s}{}% 35
\BOOKMARK [1][-]{section*.8}{\376\377\000A\000n\000h\000a\000n\000g}{}% 36
